Using pre-set license
Built from '2020.3/staging' branch; Version is '2020.3.11f1 (99c7afb366b3) revision 10078127'; Using compiler version '192528614'; Build Type 'Release'
OS: 'Windows 10 Pro; OS build 19043.1165; Version 2009; 64bit' Language: 'tr' Physical Memory: 8080 MB
BatchMode: 1, IsHumanControllingUs: 0, StartBugReporterOnCrash: 0, Is64bit: 1, IsPro: 0

 COMMAND LINE ARGUMENTS:
C:\Program Files\Unity\Hub\Editor\2020.3.11f1\Editor\Unity.exe
-adb2
-batchMode
-noUpm
-name
AssetImportWorker0
-projectPath
C:/Users/MONSTER/Desktop/games/Apple Picker
-logFile
Logs/AssetImportWorker0.log
-srvPort
54573
Successfully changed project path to: C:/Users/MONSTER/Desktop/games/Apple Picker
C:/Users/MONSTER/Desktop/games/Apple Picker
Using Asset Import Pipeline V2.
Refreshing native plugins compatible for Editor in 110.58 ms, found 2 plugins.
Preloading 0 native plugins for Editor in 0.00 ms.
Initialize engine version: 2020.3.11f1 (99c7afb366b3)
[Subsystems] Discovering subsystems at path C:/Program Files/Unity/Hub/Editor/2020.3.11f1/Editor/Data/Resources/UnitySubsystems
[Subsystems] Discovering subsystems at path C:/Users/MONSTER/Desktop/games/Apple Picker/Assets
GfxDevice: creating device client; threaded=0
Direct3D:
    Version:  Direct3D 11.0 [level 11.1]
    Renderer: NVIDIA GeForce GTX 1050 (ID=0x1c8d)
    Vendor:   
    VRAM:     4019 MB
    Driver:   26.21.14.3160
Initialize mono
Mono path[0] = 'C:/Program Files/Unity/Hub/Editor/2020.3.11f1/Editor/Data/Managed'
Mono path[1] = 'C:/Program Files/Unity/Hub/Editor/2020.3.11f1/Editor/Data/MonoBleedingEdge/lib/mono/unityjit'
Mono config path = 'C:/Program Files/Unity/Hub/Editor/2020.3.11f1/Editor/Data/MonoBleedingEdge/etc'
Using monoOptions --debugger-agent=transport=dt_socket,embedding=1,server=y,suspend=n,address=127.0.0.1:56028
Begin MonoManager ReloadAssembly
Registering precompiled unity dll's ...
Register platform support module: C:/Program Files/Unity/Hub/Editor/2020.3.11f1/Editor/Data/PlaybackEngines/WebGLSupport/UnityEditor.WebGL.Extensions.dll
Register platform support module: C:/Program Files/Unity/Hub/Editor/2020.3.11f1/Editor/Data/PlaybackEngines/WindowsStandaloneSupport/UnityEditor.WindowsStandalone.Extensions.dll
Registered in 0.263315 seconds.
Native extension for WindowsStandalone target not found
Native extension for WebGL target not found
Refreshing native plugins compatible for Editor in 32.97 ms, found 2 plugins.
Preloading 0 native plugins for Editor in 0.00 ms.
Mono: successfully reloaded assembly
- Completed reload, in  5.789 seconds
Platform modules already initialized, skipping
Registering precompiled user dll's ...
Registered in 0.549226 seconds.
Begin MonoManager ReloadAssembly
Native extension for WindowsStandalone target not found
Native extension for WebGL target not found
Refreshing native plugins compatible for Editor in 0.32 ms, found 2 plugins.
Preloading 0 native plugins for Editor in 0.00 ms.
Mono: successfully reloaded assembly
- Completed reload, in  3.182 seconds
Platform modules already initialized, skipping
========================================================================
Worker process is ready to serve import requests
Launched and connected shader compiler UnityShaderCompiler.exe after 0.10 seconds
Refreshing native plugins compatible for Editor in 0.37 ms, found 2 plugins.
Preloading 0 native plugins for Editor in 0.00 ms.
Unloading 1438 Unused Serialized files (Serialized files now loaded: 0)
System memory in use before: 67.8 MB.
System memory in use after: 67.9 MB.

Unloading 18 unused Assets to reduce memory usage. Loaded Objects now: 1872.
Total: 2.040400 ms (FindLiveObjects: 0.142000 ms CreateObjectMapping: 0.048100 ms MarkObjects: 1.740600 ms  DeleteObjects: 0.108700 ms)

========================================================================
Received Import Request.
  path: Assets/White Black GUI/White Icons/letter_a.png
  artifactKey: Guid(ea4a3c0a24c8a9d48b9027a6a1df596e) Importer(815301076,1909f56bfc062723c751e8b465ee728b)
Start importing Assets/White Black GUI/White Icons/letter_a.png using Guid(ea4a3c0a24c8a9d48b9027a6a1df596e) Importer(815301076,1909f56bfc062723c751e8b465ee728b)  -> (artifact id: '41453dba0da025bab7df59b8e552ce95') in 0.177727 seconds
  Import took 0.181228 seconds .

========================================================================
Received Import Request.
  Time since last request: 0.000330 seconds.
  path: Assets/White Black GUI/White Icons/letter_x.png
  artifactKey: Guid(36b74524835a30443a583f35c8f769e6) Importer(815301076,1909f56bfc062723c751e8b465ee728b)
Start importing Assets/White Black GUI/White Icons/letter_x.png using Guid(36b74524835a30443a583f35c8f769e6) Importer(815301076,1909f56bfc062723c751e8b465ee728b)  -> (artifact id: 'c63ae286f63de59e6cf210104f638d02') in 0.054923 seconds
  Import took 0.058431 seconds .

========================================================================
Received Import Request.
  Time since last request: 0.000271 seconds.
  path: Assets/White Black GUI/White Icons/icon_target.png
  artifactKey: Guid(7b3e0c027198c8a4d8ba80c39eb36a31) Importer(815301076,1909f56bfc062723c751e8b465ee728b)
Start importing Assets/White Black GUI/White Icons/icon_target.png using Guid(7b3e0c027198c8a4d8ba80c39eb36a31) Importer(815301076,1909f56bfc062723c751e8b465ee728b)  -> (artifact id: 'a21788772447653fd581fb6f90e660bd') in 0.034477 seconds
  Import took 0.038456 seconds .

========================================================================
Received Import Request.
  Time since last request: 0.000395 seconds.
  path: Assets/White Black GUI/White Icons/icon_world.png
  artifactKey: Guid(b85c9b4189cbdbb4dbe3742278233bff) Importer(815301076,1909f56bfc062723c751e8b465ee728b)
Start importing Assets/White Black GUI/White Icons/icon_world.png using Guid(b85c9b4189cbdbb4dbe3742278233bff) Importer(815301076,1909f56bfc062723c751e8b465ee728b)  -> (artifact id: 'dddc4b2d7a14903e4b84fd33611223ea') in 0.034791 seconds
  Import took 0.039243 seconds .

========================================================================
Received Import Request.
  Time since last request: 0.000190 seconds.
  path: Assets/White Black GUI/White Icons/icon_worldSelect.png
  artifactKey: Guid(c22bbc35d1e161349b377651d8a04b6b) Importer(815301076,1909f56bfc062723c751e8b465ee728b)
Start importing Assets/White Black GUI/White Icons/icon_worldSelect.png using Guid(c22bbc35d1e161349b377651d8a04b6b) Importer(815301076,1909f56bfc062723c751e8b465ee728b)  -> (artifact id: 'f230f71244d5765f8a7cacbd7751ea91') in 0.032558 seconds
  Import took 0.035542 seconds .

========================================================================
Received Import Request.
  Time since last request: 0.000236 seconds.
  path: Assets/White Black GUI/White Icons/letter_b.png
  artifactKey: Guid(889960aae71aaca46aa57a0ebeb2b3eb) Importer(815301076,1909f56bfc062723c751e8b465ee728b)
Start importing Assets/White Black GUI/White Icons/letter_b.png using Guid(889960aae71aaca46aa57a0ebeb2b3eb) Importer(815301076,1909f56bfc062723c751e8b465ee728b)  -> (artifact id: '950223b824111baa1ec296dcf07b17bd') in 0.030653 seconds
  Import took 0.033838 seconds .

========================================================================
Received Prepare
Registering precompiled user dll's ...
Registered in 0.004297 seconds.
Begin MonoManager ReloadAssembly
Native extension for WindowsStandalone target not found
Native extension for WebGL target not found
Refreshing native plugins compatible for Editor in 0.34 ms, found 2 plugins.
Preloading 0 native plugins for Editor in 0.00 ms.
Mono: successfully reloaded assembly
- Completed reload, in  1.128 seconds
Platform modules already initialized, skipping
Switching build target platform(19) subTarget(0) extendedPlatform(0) -> platform(13) subTarget(537395200) extendedPlatform(0)
Refreshing native plugins compatible for Editor in 0.33 ms, found 2 plugins.
Preloading 0 native plugins for Editor in 0.00 ms.
Unloading 1422 Unused Serialized files (Serialized files now loaded: 0)
System memory in use before: 69.3 MB.
System memory in use after: 69.4 MB.

Unloading 13 unused Assets to reduce memory usage. Loaded Objects now: 1881.
Total: 2.061300 ms (FindLiveObjects: 0.195600 ms CreateObjectMapping: 0.087600 ms MarkObjects: 1.760700 ms  DeleteObjects: 0.016500 ms)

AssetImportParameters requested are different than current active one (requested -> active):
  custom:graphics/normal-map-encoding: 01000000000000000000000000000000 -> 02000000000000000000000000000000
========================================================================
Received Prepare
Registering precompiled user dll's ...
Registered in 0.006083 seconds.
Begin MonoManager ReloadAssembly
Native extension for WindowsStandalone target not found
Native extension for WebGL target not found
Refreshing native plugins compatible for Editor in 0.37 ms, found 2 plugins.
Preloading 0 native plugins for Editor in 0.00 ms.
Mono: successfully reloaded assembly
- Completed reload, in  1.264 seconds
Platform modules already initialized, skipping
Switching build target platform(19) subTarget(0) extendedPlatform(0) -> platform(13) subTarget(537395200) extendedPlatform(0)
Refreshing native plugins compatible for Editor in 0.33 ms, found 2 plugins.
Preloading 0 native plugins for Editor in 0.00 ms.
Unloading 1422 Unused Serialized files (Serialized files now loaded: 0)
System memory in use before: 69.3 MB.
System memory in use after: 69.5 MB.

Unloading 13 unused Assets to reduce memory usage. Loaded Objects now: 1884.
Total: 2.220900 ms (FindLiveObjects: 0.147600 ms CreateObjectMapping: 0.044700 ms MarkObjects: 2.009000 ms  DeleteObjects: 0.018300 ms)

AssetImportParameters requested are different than current active one (requested -> active):
  custom:graphics/normal-map-encoding: 01000000000000000000000000000000 -> 02000000000000000000000000000000
========================================================================
Received Import Request.
  Time since last request: 575.259922 seconds.
  path: Assets/Scenes
  artifactKey: Guid(cfafc49756829434ba73e325c78d8457) Importer(815301076,1909f56bfc062723c751e8b465ee728b)
Start importing Assets/Scenes using Guid(cfafc49756829434ba73e325c78d8457) Importer(815301076,1909f56bfc062723c751e8b465ee728b)  -> (artifact id: 'bc52876436ae1b509b9b23559bf4823a') in 0.015994 seconds
  Import took 0.024130 seconds .

========================================================================
Received Prepare
Registering precompiled user dll's ...
Registered in 0.004609 seconds.
Begin MonoManager ReloadAssembly
Native extension for WindowsStandalone target not found
Native extension for WebGL target not found
Refreshing native plugins compatible for Editor in 0.34 ms, found 2 plugins.
Preloading 0 native plugins for Editor in 0.00 ms.
Mono: successfully reloaded assembly
- Completed reload, in  1.252 seconds
Platform modules already initialized, skipping
Switching build target platform(19) subTarget(0) extendedPlatform(0) -> platform(13) subTarget(537395200) extendedPlatform(0)
Refreshing native plugins compatible for Editor in 0.33 ms, found 2 plugins.
Preloading 0 native plugins for Editor in 0.00 ms.
Unloading 1422 Unused Serialized files (Serialized files now loaded: 0)
System memory in use before: 69.4 MB.
System memory in use after: 69.5 MB.

Unloading 13 unused Assets to reduce memory usage. Loaded Objects now: 1887.
Total: 2.127400 ms (FindLiveObjects: 0.137600 ms CreateObjectMapping: 0.042800 ms MarkObjects: 1.929400 ms  DeleteObjects: 0.016700 ms)

AssetImportParameters requested are different than current active one (requested -> active):
  custom:graphics/normal-map-encoding: 01000000000000000000000000000000 -> 02000000000000000000000000000000
========================================================================
Received Prepare
Registering precompiled user dll's ...
Registered in 0.004605 seconds.
Begin MonoManager ReloadAssembly
Native extension for WindowsStandalone target not found
Native extension for WebGL target not found
Refreshing native plugins compatible for Editor in 0.34 ms, found 2 plugins.
Preloading 0 native plugins for Editor in 0.00 ms.
Mono: successfully reloaded assembly
- Completed reload, in  1.309 seconds
Platform modules already initialized, skipping
Switching build target platform(19) subTarget(0) extendedPlatform(0) -> platform(13) subTarget(537395200) extendedPlatform(0)
Refreshing native plugins compatible for Editor in 0.33 ms, found 2 plugins.
Preloading 0 native plugins for Editor in 0.00 ms.
Unloading 1422 Unused Serialized files (Serialized files now loaded: 0)
System memory in use before: 69.4 MB.
System memory in use after: 69.5 MB.

Unloading 13 unused Assets to reduce memory usage. Loaded Objects now: 1890.
Total: 2.129900 ms (FindLiveObjects: 0.139000 ms CreateObjectMapping: 0.043600 ms MarkObjects: 1.928800 ms  DeleteObjects: 0.017700 ms)

AssetImportParameters requested are different than current active one (requested -> active):
  custom:graphics/normal-map-encoding: 01000000000000000000000000000000 -> 02000000000000000000000000000000
========================================================================
Received Prepare
Registering precompiled user dll's ...
Registered in 0.006215 seconds.
Begin MonoManager ReloadAssembly
Native extension for WindowsStandalone target not found
Native extension for WebGL target not found
Refreshing native plugins compatible for Editor in 0.35 ms, found 2 plugins.
Preloading 0 native plugins for Editor in 0.00 ms.
Mono: successfully reloaded assembly
- Completed reload, in  1.233 seconds
Platform modules already initialized, skipping
Switching build target platform(19) subTarget(0) extendedPlatform(0) -> platform(13) subTarget(537395200) extendedPlatform(0)
Refreshing native plugins compatible for Editor in 0.34 ms, found 2 plugins.
Preloading 0 native plugins for Editor in 0.00 ms.
Unloading 1422 Unused Serialized files (Serialized files now loaded: 0)
System memory in use before: 69.4 MB.
System memory in use after: 69.5 MB.

Unloading 13 unused Assets to reduce memory usage. Loaded Objects now: 1893.
Total: 1.971800 ms (FindLiveObjects: 0.161900 ms CreateObjectMapping: 0.056400 ms MarkObjects: 1.716200 ms  DeleteObjects: 0.036300 ms)

AssetImportParameters requested are different than current active one (requested -> active):
  custom:graphics/normal-map-encoding: 01000000000000000000000000000000 -> 02000000000000000000000000000000
========================================================================
Received Prepare
Registering precompiled user dll's ...
Registered in 0.007780 seconds.
Begin MonoManager ReloadAssembly
Native extension for WindowsStandalone target not found
Native extension for WebGL target not found
Refreshing native plugins compatible for Editor in 0.42 ms, found 2 plugins.
Preloading 0 native plugins for Editor in 0.00 ms.
Mono: successfully reloaded assembly
- Completed reload, in  1.234 seconds
Platform modules already initialized, skipping
Switching build target platform(19) subTarget(0) extendedPlatform(0) -> platform(13) subTarget(537395200) extendedPlatform(0)
Refreshing native plugins compatible for Editor in 0.44 ms, found 2 plugins.
Preloading 0 native plugins for Editor in 0.00 ms.
Unloading 1422 Unused Serialized files (Serialized files now loaded: 0)
System memory in use before: 69.4 MB.
System memory in use after: 69.5 MB.

Unloading 13 unused Assets to reduce memory usage. Loaded Objects now: 1896.
Total: 2.045800 ms (FindLiveObjects: 0.145800 ms CreateObjectMapping: 0.046000 ms MarkObjects: 1.817000 ms  DeleteObjects: 0.036000 ms)

AssetImportParameters requested are different than current active one (requested -> active):
  custom:graphics/normal-map-encoding: 01000000000000000000000000000000 -> 02000000000000000000000000000000
========================================================================
Received Import Request.
  Time since last request: 246.116486 seconds.
  path: Assets/Scenes/levelScene.unity
  artifactKey: Guid(b68df86136549c346bc52955944742cf) Importer(815301076,1909f56bfc062723c751e8b465ee728b)
Start importing Assets/Scenes/levelScene.unity using Guid(b68df86136549c346bc52955944742cf) Importer(815301076,1909f56bfc062723c751e8b465ee728b)  -> (artifact id: 'c4ddf2d6b9b79d5e990c7f2e73bbf0bc') in 0.026971 seconds
  Import took 0.030043 seconds .

========================================================================
Received Import Request.
  Time since last request: 54.663008 seconds.
  path: Assets/Scenes/startMenu.unity
  artifactKey: Guid(9fc0d4010bbf28b4594072e72b8655ab) Importer(815301076,1909f56bfc062723c751e8b465ee728b)
Start importing Assets/Scenes/startMenu.unity using Guid(9fc0d4010bbf28b4594072e72b8655ab) Importer(815301076,1909f56bfc062723c751e8b465ee728b)  -> (artifact id: '63a0f73190e6a6feb6cde12f31839464') in 0.018533 seconds
  Import took 0.022326 seconds .

========================================================================
Received Import Request.
  Time since last request: 18.408718 seconds.
  path: Assets/Scenes/lvl1Scene.unity
  artifactKey: Guid(e3499d1162434114fb81c3e5bf9f63de) Importer(815301076,1909f56bfc062723c751e8b465ee728b)
Start importing Assets/Scenes/lvl1Scene.unity using Guid(e3499d1162434114fb81c3e5bf9f63de) Importer(815301076,1909f56bfc062723c751e8b465ee728b)  -> (artifact id: '80550565d70ededd208383fb1f739ff7') in 0.011422 seconds
  Import took 0.015662 seconds .

========================================================================
Received Import Request.
  Time since last request: 31.645299 seconds.
  path: Assets/scripts/valdeScript.cs
  artifactKey: Guid(3123b1ba552c0b74eb532ffe2013a133) Importer(815301076,1909f56bfc062723c751e8b465ee728b)
Start importing Assets/scripts/valdeScript.cs using Guid(3123b1ba552c0b74eb532ffe2013a133) Importer(815301076,1909f56bfc062723c751e8b465ee728b)  -> (artifact id: 'fad1adc4c57bdd12a07034a045b68b63') in 0.107158 seconds
  Import took 0.110493 seconds .

========================================================================
Received Prepare
Registering precompiled user dll's ...
Registered in 0.004308 seconds.
Begin MonoManager ReloadAssembly
Native extension for WindowsStandalone target not found
Native extension for WebGL target not found
Refreshing native plugins compatible for Editor in 0.84 ms, found 2 plugins.
Preloading 0 native plugins for Editor in 0.00 ms.
Mono: successfully reloaded assembly
- Completed reload, in  1.307 seconds
Platform modules already initialized, skipping
Switching build target platform(19) subTarget(0) extendedPlatform(0) -> platform(13) subTarget(537395200) extendedPlatform(0)
Refreshing native plugins compatible for Editor in 0.34 ms, found 2 plugins.
Preloading 0 native plugins for Editor in 0.00 ms.
Unloading 1422 Unused Serialized files (Serialized files now loaded: 0)
System memory in use before: 69.4 MB.
System memory in use after: 69.5 MB.

Unloading 13 unused Assets to reduce memory usage. Loaded Objects now: 1899.
Total: 2.036600 ms (FindLiveObjects: 0.163400 ms CreateObjectMapping: 0.047500 ms MarkObjects: 1.778300 ms  DeleteObjects: 0.046300 ms)

AssetImportParameters requested are different than current active one (requested -> active):
  custom:graphics/normal-map-encoding: 01000000000000000000000000000000 -> 02000000000000000000000000000000
